CRITICAL - 2022-03-31 00:29:10 --> Undefined variable: usuario
#0 C:\xampp2\htdocs\xam\Examen_TPW2\app\Views\vIngresado.php(31): CodeIgniter\Debug\Exceptions->errorHandler(8, 'Undefined varia...', 'C:\\xampp2\\htdoc...', 31, Array)
#1 C:\xampp2\htdocs\xam\Examen_TPW2\system\View\View.php(210): include('C:\\xampp2\\htdoc...')
#2 C:\xampp2\htdocs\xam\Examen_TPW2\system\View\View.php(213): CodeIgniter\View\View->CodeIgniter\View\{closure}()
#3 C:\xampp2\htdocs\xam\Examen_TPW2\system\Common.php(1089): CodeIgniter\View\View->render('vIngresado', Array, true)
#4 C:\xampp2\htdocs\xam\Examen_TPW2\app\Controllers\Home.php(57): view('vIngresado', Array)
#5 C:\xampp2\htdocs\xam\Examen_TPW2\system\CodeIgniter.php(825): App\Controllers\Home->ingresarForm()
#6 C:\xampp2\htdocs\xam\Examen_TPW2\system\CodeIgniter.php(412): CodeIgniter\CodeIgniter->runController(Object(App\Controllers\Home))
#7 C:\xampp2\htdocs\xam\Examen_TPW2\system\CodeIgniter.php(320): CodeIgniter\CodeIgniter->handleRequest(NULL, Object(Config\Cache), false)
#8 C:\xampp2\htdocs\xam\Examen_TPW2\public\index.php(37): CodeIgniter\CodeIgniter->run()
#9 {main}
CRITICAL - 2022-03-31 00:29:30 --> Illegal string offset 'id_usuario'
#0 C:\xampp2\htdocs\xam\Examen_TPW2\app\Views\vIngresado.php(31): CodeIgniter\Debug\Exceptions->errorHandler(2, 'Illegal string ...', 'C:\\xampp2\\htdoc...', 31, Array)
#1 C:\xampp2\htdocs\xam\Examen_TPW2\system\View\View.php(210): include('C:\\xampp2\\htdoc...')
#2 C:\xampp2\htdocs\xam\Examen_TPW2\system\View\View.php(213): CodeIgniter\View\View->CodeIgniter\View\{closure}()
#3 C:\xampp2\htdocs\xam\Examen_TPW2\system\Common.php(1089): CodeIgniter\View\View->render('vIngresado', Array, true)
#4 C:\xampp2\htdocs\xam\Examen_TPW2\app\Controllers\Home.php(57): view('vIngresado', Array)
#5 C:\xampp2\htdocs\xam\Examen_TPW2\system\CodeIgniter.php(825): App\Controllers\Home->ingresarForm()
#6 C:\xampp2\htdocs\xam\Examen_TPW2\system\CodeIgniter.php(412): CodeIgniter\CodeIgniter->runController(Object(App\Controllers\Home))
#7 C:\xampp2\htdocs\xam\Examen_TPW2\system\CodeIgniter.php(320): CodeIgniter\CodeIgniter->handleRequest(NULL, Object(Config\Cache), false)
#8 C:\xampp2\htdocs\xam\Examen_TPW2\public\index.php(37): CodeIgniter\CodeIgniter->run()
#9 {main}
CRITICAL - 2022-03-31 00:30:10 --> syntax error, unexpected 'as' (T_AS)
#0 C:\xampp2\htdocs\xam\Examen_TPW2\system\View\View.php(213): CodeIgniter\View\View->CodeIgniter\View\{closure}()
#1 C:\xampp2\htdocs\xam\Examen_TPW2\system\Common.php(1089): CodeIgniter\View\View->render('vIngresado', Array, true)
#2 C:\xampp2\htdocs\xam\Examen_TPW2\app\Controllers\Home.php(57): view('vIngresado', Array)
#3 C:\xampp2\htdocs\xam\Examen_TPW2\system\CodeIgniter.php(825): App\Controllers\Home->ingresarForm()
#4 C:\xampp2\htdocs\xam\Examen_TPW2\system\CodeIgniter.php(412): CodeIgniter\CodeIgniter->runController(Object(App\Controllers\Home))
#5 C:\xampp2\htdocs\xam\Examen_TPW2\system\CodeIgniter.php(320): CodeIgniter\CodeIgniter->handleRequest(NULL, Object(Config\Cache), false)
#6 C:\xampp2\htdocs\xam\Examen_TPW2\public\index.php(37): CodeIgniter\CodeIgniter->run()
#7 {main}
CRITICAL - 2022-03-31 00:30:43 --> Undefined variable: usuario
#0 C:\xampp2\htdocs\xam\Examen_TPW2\app\Views\vIngresado.php(32): CodeIgniter\Debug\Exceptions->errorHandler(8, 'Undefined varia...', 'C:\\xampp2\\htdoc...', 32, Array)
#1 C:\xampp2\htdocs\xam\Examen_TPW2\system\View\View.php(210): include('C:\\xampp2\\htdoc...')
#2 C:\xampp2\htdocs\xam\Examen_TPW2\system\View\View.php(213): CodeIgniter\View\View->CodeIgniter\View\{closure}()
#3 C:\xampp2\htdocs\xam\Examen_TPW2\system\Common.php(1089): CodeIgniter\View\View->render('vIngresado', Array, true)
#4 C:\xampp2\htdocs\xam\Examen_TPW2\app\Controllers\Home.php(57): view('vIngresado', Array)
#5 C:\xampp2\htdocs\xam\Examen_TPW2\system\CodeIgniter.php(825): App\Controllers\Home->ingresarForm()
#6 C:\xampp2\htdocs\xam\Examen_TPW2\system\CodeIgniter.php(412): CodeIgniter\CodeIgniter->runController(Object(App\Controllers\Home))
#7 C:\xampp2\htdocs\xam\Examen_TPW2\system\CodeIgniter.php(320): CodeIgniter\CodeIgniter->handleRequest(NULL, Object(Config\Cache), false)
#8 C:\xampp2\htdocs\xam\Examen_TPW2\public\index.php(37): CodeIgniter\CodeIgniter->run()
#9 {main}
CRITICAL - 2022-03-31 00:31:20 --> Undefined variable: user
#0 C:\xampp2\htdocs\xam\Examen_TPW2\app\Views\vIngresado.php(32): CodeIgniter\Debug\Exceptions->errorHandler(8, 'Undefined varia...', 'C:\\xampp2\\htdoc...', 32, Array)
#1 C:\xampp2\htdocs\xam\Examen_TPW2\system\View\View.php(210): include('C:\\xampp2\\htdoc...')
#2 C:\xampp2\htdocs\xam\Examen_TPW2\system\View\View.php(213): CodeIgniter\View\View->CodeIgniter\View\{closure}()
#3 C:\xampp2\htdocs\xam\Examen_TPW2\system\Common.php(1089): CodeIgniter\View\View->render('vIngresado', Array, true)
#4 C:\xampp2\htdocs\xam\Examen_TPW2\app\Controllers\Home.php(57): view('vIngresado', Array)
#5 C:\xampp2\htdocs\xam\Examen_TPW2\system\CodeIgniter.php(825): App\Controllers\Home->ingresarForm()
#6 C:\xampp2\htdocs\xam\Examen_TPW2\system\CodeIgniter.php(412): CodeIgniter\CodeIgniter->runController(Object(App\Controllers\Home))
#7 C:\xampp2\htdocs\xam\Examen_TPW2\system\CodeIgniter.php(320): CodeIgniter\CodeIgniter->handleRequest(NULL, Object(Config\Cache), false)
#8 C:\xampp2\htdocs\xam\Examen_TPW2\public\index.php(37): CodeIgniter\CodeIgniter->run()
#9 {main}
CRITICAL - 2022-03-31 00:48:08 --> Undefined variable: user
#0 C:\xampp2\htdocs\xam\Examen_TPW2\app\Views\vIngresado.php(32): CodeIgniter\Debug\Exceptions->errorHandler(8, 'Undefined varia...', 'C:\\xampp2\\htdoc...', 32, Array)
#1 C:\xampp2\htdocs\xam\Examen_TPW2\system\View\View.php(210): include('C:\\xampp2\\htdoc...')
#2 C:\xampp2\htdocs\xam\Examen_TPW2\system\View\View.php(213): CodeIgniter\View\View->CodeIgniter\View\{closure}()
#3 C:\xampp2\htdocs\xam\Examen_TPW2\system\Common.php(1089): CodeIgniter\View\View->render('vIngresado', Array, true)
#4 C:\xampp2\htdocs\xam\Examen_TPW2\app\Controllers\Home.php(57): view('vIngresado', Array)
#5 C:\xampp2\htdocs\xam\Examen_TPW2\system\CodeIgniter.php(825): App\Controllers\Home->ingresarForm()
#6 C:\xampp2\htdocs\xam\Examen_TPW2\system\CodeIgniter.php(412): CodeIgniter\CodeIgniter->runController(Object(App\Controllers\Home))
#7 C:\xampp2\htdocs\xam\Examen_TPW2\system\CodeIgniter.php(320): CodeIgniter\CodeIgniter->handleRequest(NULL, Object(Config\Cache), false)
#8 C:\xampp2\htdocs\xam\Examen_TPW2\public\index.php(37): CodeIgniter\CodeIgniter->run()
#9 {main}
ERROR - 2022-03-31 00:50:11 --> Unknown column 'usuarios.id' in 'where clause'
CRITICAL - 2022-03-31 00:50:11 --> Unknown column 'usuarios.id' in 'where clause'
#0 C:\xampp2\htdocs\xam\Examen_TPW2\system\Database\MySQLi\Connection.php(292): mysqli->query('SELECT *\nFROM `...', 0)
#1 C:\xampp2\htdocs\xam\Examen_TPW2\system\Database\BaseConnection.php(670): CodeIgniter\Database\MySQLi\Connection->execute('SELECT *\nFROM `...')
#2 C:\xampp2\htdocs\xam\Examen_TPW2\system\Database\BaseConnection.php(598): CodeIgniter\Database\BaseConnection->simpleQuery('SELECT *\nFROM `...')
#3 C:\xampp2\htdocs\xam\Examen_TPW2\system\Database\BaseBuilder.php(1455): CodeIgniter\Database\BaseConnection->query('SELECT *\nFROM `...', Array, false)
#4 C:\xampp2\htdocs\xam\Examen_TPW2\system\Model.php(142): CodeIgniter\Database\BaseBuilder->get()
#5 C:\xampp2\htdocs\xam\Examen_TPW2\system\BaseModel.php(523): CodeIgniter\Model->doFind(true, '3')
#6 C:\xampp2\htdocs\xam\Examen_TPW2\app\Controllers\Home.php(119): CodeIgniter\BaseModel->find('3')
#7 C:\xampp2\htdocs\xam\Examen_TPW2\system\CodeIgniter.php(825): App\Controllers\Home->gastosusuario()
#8 C:\xampp2\htdocs\xam\Examen_TPW2\system\CodeIgniter.php(412): CodeIgniter\CodeIgniter->runController(Object(App\Controllers\Home))
#9 C:\xampp2\htdocs\xam\Examen_TPW2\system\CodeIgniter.php(320): CodeIgniter\CodeIgniter->handleRequest(NULL, Object(Config\Cache), false)
#10 C:\xampp2\htdocs\xam\Examen_TPW2\public\index.php(37): CodeIgniter\CodeIgniter->run()
#11 {main}
ERROR - 2022-03-31 00:53:53 --> Unknown column 'usuarios.id' in 'where clause'
CRITICAL - 2022-03-31 00:53:53 --> Unknown column 'usuarios.id' in 'where clause'
#0 C:\xampp2\htdocs\xam\Examen_TPW2\system\Database\MySQLi\Connection.php(292): mysqli->query('SELECT *\nFROM `...', 0)
#1 C:\xampp2\htdocs\xam\Examen_TPW2\system\Database\BaseConnection.php(670): CodeIgniter\Database\MySQLi\Connection->execute('SELECT *\nFROM `...')
#2 C:\xampp2\htdocs\xam\Examen_TPW2\system\Database\BaseConnection.php(598): CodeIgniter\Database\BaseConnection->simpleQuery('SELECT *\nFROM `...')
#3 C:\xampp2\htdocs\xam\Examen_TPW2\system\Database\BaseBuilder.php(1455): CodeIgniter\Database\BaseConnection->query('SELECT *\nFROM `...', Array, false)
#4 C:\xampp2\htdocs\xam\Examen_TPW2\system\Model.php(142): CodeIgniter\Database\BaseBuilder->get()
#5 C:\xampp2\htdocs\xam\Examen_TPW2\system\BaseModel.php(523): CodeIgniter\Model->doFind(true, '3')
#6 C:\xampp2\htdocs\xam\Examen_TPW2\app\Controllers\Home.php(119): CodeIgniter\BaseModel->find('3')
#7 C:\xampp2\htdocs\xam\Examen_TPW2\system\CodeIgniter.php(825): App\Controllers\Home->gastosusuario()
#8 C:\xampp2\htdocs\xam\Examen_TPW2\system\CodeIgniter.php(412): CodeIgniter\CodeIgniter->runController(Object(App\Controllers\Home))
#9 C:\xampp2\htdocs\xam\Examen_TPW2\system\CodeIgniter.php(320): CodeIgniter\CodeIgniter->handleRequest(NULL, Object(Config\Cache), false)
#10 C:\xampp2\htdocs\xam\Examen_TPW2\public\index.php(37): CodeIgniter\CodeIgniter->run()
#11 {main}
CRITICAL - 2022-03-31 00:58:03 --> Undefined variable: correo
#0 C:\xampp2\htdocs\xam\Examen_TPW2\app\Controllers\Home.php(119): CodeIgniter\Debug\Exceptions->errorHandler(8, 'Undefined varia...', 'C:\\xampp2\\htdoc...', 119, Array)
#1 C:\xampp2\htdocs\xam\Examen_TPW2\system\CodeIgniter.php(825): App\Controllers\Home->gastosusuario()
#2 C:\xampp2\htdocs\xam\Examen_TPW2\system\CodeIgniter.php(412): CodeIgniter\CodeIgniter->runController(Object(App\Controllers\Home))
#3 C:\xampp2\htdocs\xam\Examen_TPW2\system\CodeIgniter.php(320): CodeIgniter\CodeIgniter->handleRequest(NULL, Object(Config\Cache), false)
#4 C:\xampp2\htdocs\xam\Examen_TPW2\public\index.php(37): CodeIgniter\CodeIgniter->run()
#5 {main}
CRITICAL - 2022-03-31 01:01:05 --> Argument 2 passed to view() must be of the type array, string given, called in C:\xampp2\htdocs\xam\Examen_TPW2\app\Controllers\Home.php on line 120
#0 C:\xampp2\htdocs\xam\Examen_TPW2\app\Controllers\Home.php(120): view('vRegistrg', '3')
#1 C:\xampp2\htdocs\xam\Examen_TPW2\system\CodeIgniter.php(825): App\Controllers\Home->gastosusuario()
#2 C:\xampp2\htdocs\xam\Examen_TPW2\system\CodeIgniter.php(412): CodeIgniter\CodeIgniter->runController(Object(App\Controllers\Home))
#3 C:\xampp2\htdocs\xam\Examen_TPW2\system\CodeIgniter.php(320): CodeIgniter\CodeIgniter->handleRequest(NULL, Object(Config\Cache), false)
#4 C:\xampp2\htdocs\xam\Examen_TPW2\public\index.php(37): CodeIgniter\CodeIgniter->run()
#5 {main}
CRITICAL - 2022-03-31 01:03:27 --> Argument 2 passed to view() must be of the type array, string given, called in C:\xampp2\htdocs\xam\Examen_TPW2\app\Controllers\Home.php on line 120
#0 C:\xampp2\htdocs\xam\Examen_TPW2\app\Controllers\Home.php(120): view('vRegistrg', '3')
#1 C:\xampp2\htdocs\xam\Examen_TPW2\system\CodeIgniter.php(825): App\Controllers\Home->gastosusuario()
#2 C:\xampp2\htdocs\xam\Examen_TPW2\system\CodeIgniter.php(412): CodeIgniter\CodeIgniter->runController(Object(App\Controllers\Home))
#3 C:\xampp2\htdocs\xam\Examen_TPW2\system\CodeIgniter.php(320): CodeIgniter\CodeIgniter->handleRequest(NULL, Object(Config\Cache), false)
#4 C:\xampp2\htdocs\xam\Examen_TPW2\public\index.php(37): CodeIgniter\CodeIgniter->run()
#5 {main}
CRITICAL - 2022-03-31 01:03:40 --> Argument 2 passed to view() must be of the type array, string given, called in C:\xampp2\htdocs\xam\Examen_TPW2\app\Controllers\Home.php on line 120
#0 C:\xampp2\htdocs\xam\Examen_TPW2\app\Controllers\Home.php(120): view('vRegistrg', '3')
#1 C:\xampp2\htdocs\xam\Examen_TPW2\system\CodeIgniter.php(825): App\Controllers\Home->gastosusuario()
#2 C:\xampp2\htdocs\xam\Examen_TPW2\system\CodeIgniter.php(412): CodeIgniter\CodeIgniter->runController(Object(App\Controllers\Home))
#3 C:\xampp2\htdocs\xam\Examen_TPW2\system\CodeIgniter.php(320): CodeIgniter\CodeIgniter->handleRequest(NULL, Object(Config\Cache), false)
#4 C:\xampp2\htdocs\xam\Examen_TPW2\public\index.php(37): CodeIgniter\CodeIgniter->run()
#5 {main}
CRITICAL - 2022-03-31 01:39:35 --> Undefined index: id_usuario
#0 C:\xampp2\htdocs\xam\Examen_TPW2\app\Controllers\Home.php(118): CodeIgniter\Debug\Exceptions->errorHandler(8, 'Undefined index...', 'C:\\xampp2\\htdoc...', 118, Array)
#1 C:\xampp2\htdocs\xam\Examen_TPW2\system\CodeIgniter.php(825): App\Controllers\Home->gastosusuario()
#2 C:\xampp2\htdocs\xam\Examen_TPW2\system\CodeIgniter.php(412): CodeIgniter\CodeIgniter->runController(Object(App\Controllers\Home))
#3 C:\xampp2\htdocs\xam\Examen_TPW2\system\CodeIgniter.php(320): CodeIgniter\CodeIgniter->handleRequest(NULL, Object(Config\Cache), false)
#4 C:\xampp2\htdocs\xam\Examen_TPW2\public\index.php(37): CodeIgniter\CodeIgniter->run()
#5 {main}
ERROR - 2022-03-31 01:50:02 --> Unknown column 'gastos_p.id' in 'where clause'
CRITICAL - 2022-03-31 01:50:02 --> Unknown column 'gastos_p.id' in 'where clause'
#0 C:\xampp2\htdocs\xam\Examen_TPW2\system\Database\MySQLi\Connection.php(292): mysqli->query('SELECT *\nFROM `...', 0)
#1 C:\xampp2\htdocs\xam\Examen_TPW2\system\Database\BaseConnection.php(670): CodeIgniter\Database\MySQLi\Connection->execute('SELECT *\nFROM `...')
#2 C:\xampp2\htdocs\xam\Examen_TPW2\system\Database\BaseConnection.php(598): CodeIgniter\Database\BaseConnection->simpleQuery('SELECT *\nFROM `...')
#3 C:\xampp2\htdocs\xam\Examen_TPW2\system\Database\BaseBuilder.php(1455): CodeIgniter\Database\BaseConnection->query('SELECT *\nFROM `...', Array, false)
#4 C:\xampp2\htdocs\xam\Examen_TPW2\system\Model.php(142): CodeIgniter\Database\BaseBuilder->get()
#5 C:\xampp2\htdocs\xam\Examen_TPW2\system\BaseModel.php(523): CodeIgniter\Model->doFind(true, '5')
#6 C:\xampp2\htdocs\xam\Examen_TPW2\app\Controllers\Home.php(126): CodeIgniter\BaseModel->find('5')
#7 C:\xampp2\htdocs\xam\Examen_TPW2\system\CodeIgniter.php(825): App\Controllers\Home->buscarRegistro_gasto()
#8 C:\xampp2\htdocs\xam\Examen_TPW2\system\CodeIgniter.php(412): CodeIgniter\CodeIgniter->runController(Object(App\Controllers\Home))
#9 C:\xampp2\htdocs\xam\Examen_TPW2\system\CodeIgniter.php(320): CodeIgniter\CodeIgniter->handleRequest(NULL, Object(Config\Cache), false)
#10 C:\xampp2\htdocs\xam\Examen_TPW2\public\index.php(37): CodeIgniter\CodeIgniter->run()
#11 {main}
ERROR - 2022-03-31 01:51:01 --> Unknown column 'gastos_p.id' in 'where clause'
CRITICAL - 2022-03-31 01:51:01 --> Unknown column 'gastos_p.id' in 'where clause'
#0 C:\xampp2\htdocs\xam\Examen_TPW2\system\Database\MySQLi\Connection.php(292): mysqli->query('SELECT *\nFROM `...', 0)
#1 C:\xampp2\htdocs\xam\Examen_TPW2\system\Database\BaseConnection.php(670): CodeIgniter\Database\MySQLi\Connection->execute('SELECT *\nFROM `...')
#2 C:\xampp2\htdocs\xam\Examen_TPW2\system\Database\BaseConnection.php(598): CodeIgniter\Database\BaseConnection->simpleQuery('SELECT *\nFROM `...')
#3 C:\xampp2\htdocs\xam\Examen_TPW2\system\Database\BaseBuilder.php(1455): CodeIgniter\Database\BaseConnection->query('SELECT *\nFROM `...', Array, false)
#4 C:\xampp2\htdocs\xam\Examen_TPW2\system\Model.php(142): CodeIgniter\Database\BaseBuilder->get()
#5 C:\xampp2\htdocs\xam\Examen_TPW2\system\BaseModel.php(523): CodeIgniter\Model->doFind(true, '5')
#6 C:\xampp2\htdocs\xam\Examen_TPW2\app\Controllers\Home.php(126): CodeIgniter\BaseModel->find('5')
#7 C:\xampp2\htdocs\xam\Examen_TPW2\system\CodeIgniter.php(825): App\Controllers\Home->buscarRegistro_gasto()
#8 C:\xampp2\htdocs\xam\Examen_TPW2\system\CodeIgniter.php(412): CodeIgniter\CodeIgniter->runController(Object(App\Controllers\Home))
#9 C:\xampp2\htdocs\xam\Examen_TPW2\system\CodeIgniter.php(320): CodeIgniter\CodeIgniter->handleRequest(NULL, Object(Config\Cache), false)
#10 C:\xampp2\htdocs\xam\Examen_TPW2\public\index.php(37): CodeIgniter\CodeIgniter->run()
#11 {main}
ERROR - 2022-03-31 01:57:42 --> Unknown column 'gastos_p.id' in 'where clause'
CRITICAL - 2022-03-31 01:57:42 --> Unknown column 'gastos_p.id' in 'where clause'
#0 C:\xampp2\htdocs\xam\Examen_TPW2\system\Database\MySQLi\Connection.php(292): mysqli->query('SELECT *\nFROM `...', 0)
#1 C:\xampp2\htdocs\xam\Examen_TPW2\system\Database\BaseConnection.php(670): CodeIgniter\Database\MySQLi\Connection->execute('SELECT *\nFROM `...')
#2 C:\xampp2\htdocs\xam\Examen_TPW2\system\Database\BaseConnection.php(598): CodeIgniter\Database\BaseConnection->simpleQuery('SELECT *\nFROM `...')
#3 C:\xampp2\htdocs\xam\Examen_TPW2\system\Database\BaseBuilder.php(1455): CodeIgniter\Database\BaseConnection->query('SELECT *\nFROM `...', Array, false)
#4 C:\xampp2\htdocs\xam\Examen_TPW2\system\Model.php(142): CodeIgniter\Database\BaseBuilder->get()
#5 C:\xampp2\htdocs\xam\Examen_TPW2\system\BaseModel.php(523): CodeIgniter\Model->doFind(true, '5')
#6 C:\xampp2\htdocs\xam\Examen_TPW2\app\Controllers\Home.php(126): CodeIgniter\BaseModel->find('5')
#7 C:\xampp2\htdocs\xam\Examen_TPW2\system\CodeIgniter.php(825): App\Controllers\Home->buscarRegistro_gasto()
#8 C:\xampp2\htdocs\xam\Examen_TPW2\system\CodeIgniter.php(412): CodeIgniter\CodeIgniter->runController(Object(App\Controllers\Home))
#9 C:\xampp2\htdocs\xam\Examen_TPW2\system\CodeIgniter.php(320): CodeIgniter\CodeIgniter->handleRequest(NULL, Object(Config\Cache), false)
#10 C:\xampp2\htdocs\xam\Examen_TPW2\public\index.php(37): CodeIgniter\CodeIgniter->run()
#11 {main}
ERROR - 2022-03-31 01:57:52 --> Unknown column 'gastos_p.id' in 'where clause'
CRITICAL - 2022-03-31 01:57:52 --> Unknown column 'gastos_p.id' in 'where clause'
#0 C:\xampp2\htdocs\xam\Examen_TPW2\system\Database\MySQLi\Connection.php(292): mysqli->query('SELECT *\nFROM `...', 0)
#1 C:\xampp2\htdocs\xam\Examen_TPW2\system\Database\BaseConnection.php(670): CodeIgniter\Database\MySQLi\Connection->execute('SELECT *\nFROM `...')
#2 C:\xampp2\htdocs\xam\Examen_TPW2\system\Database\BaseConnection.php(598): CodeIgniter\Database\BaseConnection->simpleQuery('SELECT *\nFROM `...')
#3 C:\xampp2\htdocs\xam\Examen_TPW2\system\Database\BaseBuilder.php(1455): CodeIgniter\Database\BaseConnection->query('SELECT *\nFROM `...', Array, false)
#4 C:\xampp2\htdocs\xam\Examen_TPW2\system\Model.php(142): CodeIgniter\Database\BaseBuilder->get()
#5 C:\xampp2\htdocs\xam\Examen_TPW2\system\BaseModel.php(523): CodeIgniter\Model->doFind(true, '5')
#6 C:\xampp2\htdocs\xam\Examen_TPW2\app\Controllers\Home.php(126): CodeIgniter\BaseModel->find('5')
#7 C:\xampp2\htdocs\xam\Examen_TPW2\system\CodeIgniter.php(825): App\Controllers\Home->buscarRegistro_gasto()
#8 C:\xampp2\htdocs\xam\Examen_TPW2\system\CodeIgniter.php(412): CodeIgniter\CodeIgniter->runController(Object(App\Controllers\Home))
#9 C:\xampp2\htdocs\xam\Examen_TPW2\system\CodeIgniter.php(320): CodeIgniter\CodeIgniter->handleRequest(NULL, Object(Config\Cache), false)
#10 C:\xampp2\htdocs\xam\Examen_TPW2\public\index.php(37): CodeIgniter\CodeIgniter->run()
#11 {main}
CRITICAL - 2022-03-31 02:01:11 --> Undefined variable: id_categoria
#0 C:\xampp2\htdocs\xam\Examen_TPW2\app\Views\vRegistroEncontrado_gasto.php(12): CodeIgniter\Debug\Exceptions->errorHandler(8, 'Undefined varia...', 'C:\\xampp2\\htdoc...', 12, Array)
#1 C:\xampp2\htdocs\xam\Examen_TPW2\system\View\View.php(210): include('C:\\xampp2\\htdoc...')
#2 C:\xampp2\htdocs\xam\Examen_TPW2\system\View\View.php(213): CodeIgniter\View\View->CodeIgniter\View\{closure}()
#3 C:\xampp2\htdocs\xam\Examen_TPW2\system\Common.php(1089): CodeIgniter\View\View->render('vRegistroEncont...', Array, true)
#4 C:\xampp2\htdocs\xam\Examen_TPW2\app\Controllers\Home.php(127): view('vRegistroEncont...', Array)
#5 C:\xampp2\htdocs\xam\Examen_TPW2\system\CodeIgniter.php(825): App\Controllers\Home->buscarRegistro_gasto()
#6 C:\xampp2\htdocs\xam\Examen_TPW2\system\CodeIgniter.php(412): CodeIgniter\CodeIgniter->runController(Object(App\Controllers\Home))
#7 C:\xampp2\htdocs\xam\Examen_TPW2\system\CodeIgniter.php(320): CodeIgniter\CodeIgniter->handleRequest(NULL, Object(Config\Cache), false)
#8 C:\xampp2\htdocs\xam\Examen_TPW2\public\index.php(37): CodeIgniter\CodeIgniter->run()
#9 {main}
CRITICAL - 2022-03-31 02:02:34 --> Undefined variable: id_gatos
#0 C:\xampp2\htdocs\xam\Examen_TPW2\app\Views\vRegistroEncontrado_gasto.php(16): CodeIgniter\Debug\Exceptions->errorHandler(8, 'Undefined varia...', 'C:\\xampp2\\htdoc...', 16, Array)
#1 C:\xampp2\htdocs\xam\Examen_TPW2\system\View\View.php(210): include('C:\\xampp2\\htdoc...')
#2 C:\xampp2\htdocs\xam\Examen_TPW2\system\View\View.php(213): CodeIgniter\View\View->CodeIgniter\View\{closure}()
#3 C:\xampp2\htdocs\xam\Examen_TPW2\system\Common.php(1089): CodeIgniter\View\View->render('vRegistroEncont...', Array, true)
#4 C:\xampp2\htdocs\xam\Examen_TPW2\app\Controllers\Home.php(127): view('vRegistroEncont...', Array)
#5 C:\xampp2\htdocs\xam\Examen_TPW2\system\CodeIgniter.php(825): App\Controllers\Home->buscarRegistro_gasto()
#6 C:\xampp2\htdocs\xam\Examen_TPW2\system\CodeIgniter.php(412): CodeIgniter\CodeIgniter->runController(Object(App\Controllers\Home))
#7 C:\xampp2\htdocs\xam\Examen_TPW2\system\CodeIgniter.php(320): CodeIgniter\CodeIgniter->handleRequest(NULL, Object(Config\Cache), false)
#8 C:\xampp2\htdocs\xam\Examen_TPW2\public\index.php(37): CodeIgniter\CodeIgniter->run()
#9 {main}
CRITICAL - 2022-03-31 02:02:51 --> Undefined variable: id_gastos
#0 C:\xampp2\htdocs\xam\Examen_TPW2\app\Views\vRegistroEncontrado_gasto.php(16): CodeIgniter\Debug\Exceptions->errorHandler(8, 'Undefined varia...', 'C:\\xampp2\\htdoc...', 16, Array)
#1 C:\xampp2\htdocs\xam\Examen_TPW2\system\View\View.php(210): include('C:\\xampp2\\htdoc...')
#2 C:\xampp2\htdocs\xam\Examen_TPW2\system\View\View.php(213): CodeIgniter\View\View->CodeIgniter\View\{closure}()
#3 C:\xampp2\htdocs\xam\Examen_TPW2\system\Common.php(1089): CodeIgniter\View\View->render('vRegistroEncont...', Array, true)
#4 C:\xampp2\htdocs\xam\Examen_TPW2\app\Controllers\Home.php(127): view('vRegistroEncont...', Array)
#5 C:\xampp2\htdocs\xam\Examen_TPW2\system\CodeIgniter.php(825): App\Controllers\Home->buscarRegistro_gasto()
#6 C:\xampp2\htdocs\xam\Examen_TPW2\system\CodeIgniter.php(412): CodeIgniter\CodeIgniter->runController(Object(App\Controllers\Home))
#7 C:\xampp2\htdocs\xam\Examen_TPW2\system\CodeIgniter.php(320): CodeIgniter\CodeIgniter->handleRequest(NULL, Object(Config\Cache), false)
#8 C:\xampp2\htdocs\xam\Examen_TPW2\public\index.php(37): CodeIgniter\CodeIgniter->run()
#9 {main}
CRITICAL - 2022-03-31 02:03:49 --> Undefined variable: id_gastos
#0 C:\xampp2\htdocs\xam\Examen_TPW2\app\Views\vRegistroEncontrado_gasto.php(16): CodeIgniter\Debug\Exceptions->errorHandler(8, 'Undefined varia...', 'C:\\xampp2\\htdoc...', 16, Array)
#1 C:\xampp2\htdocs\xam\Examen_TPW2\system\View\View.php(210): include('C:\\xampp2\\htdoc...')
#2 C:\xampp2\htdocs\xam\Examen_TPW2\system\View\View.php(213): CodeIgniter\View\View->CodeIgniter\View\{closure}()
#3 C:\xampp2\htdocs\xam\Examen_TPW2\system\Common.php(1089): CodeIgniter\View\View->render('vRegistroEncont...', Array, true)
#4 C:\xampp2\htdocs\xam\Examen_TPW2\app\Controllers\Home.php(127): view('vRegistroEncont...', Array)
#5 C:\xampp2\htdocs\xam\Examen_TPW2\system\CodeIgniter.php(825): App\Controllers\Home->buscarRegistro_gasto()
#6 C:\xampp2\htdocs\xam\Examen_TPW2\system\CodeIgniter.php(412): CodeIgniter\CodeIgniter->runController(Object(App\Controllers\Home))
#7 C:\xampp2\htdocs\xam\Examen_TPW2\system\CodeIgniter.php(320): CodeIgniter\CodeIgniter->handleRequest(NULL, Object(Config\Cache), false)
#8 C:\xampp2\htdocs\xam\Examen_TPW2\public\index.php(37): CodeIgniter\CodeIgniter->run()
#9 {main}
CRITICAL - 2022-03-31 02:04:13 --> Undefined variable: id_gastos
#0 C:\xampp2\htdocs\xam\Examen_TPW2\app\Views\vRegistroEncontrado_gasto.php(16): CodeIgniter\Debug\Exceptions->errorHandler(8, 'Undefined varia...', 'C:\\xampp2\\htdoc...', 16, Array)
#1 C:\xampp2\htdocs\xam\Examen_TPW2\system\View\View.php(210): include('C:\\xampp2\\htdoc...')
#2 C:\xampp2\htdocs\xam\Examen_TPW2\system\View\View.php(213): CodeIgniter\View\View->CodeIgniter\View\{closure}()
#3 C:\xampp2\htdocs\xam\Examen_TPW2\system\Common.php(1089): CodeIgniter\View\View->render('vRegistroEncont...', Array, true)
#4 C:\xampp2\htdocs\xam\Examen_TPW2\app\Controllers\Home.php(127): view('vRegistroEncont...', Array)
#5 C:\xampp2\htdocs\xam\Examen_TPW2\system\CodeIgniter.php(825): App\Controllers\Home->buscarRegistro_gasto()
#6 C:\xampp2\htdocs\xam\Examen_TPW2\system\CodeIgniter.php(412): CodeIgniter\CodeIgniter->runController(Object(App\Controllers\Home))
#7 C:\xampp2\htdocs\xam\Examen_TPW2\system\CodeIgniter.php(320): CodeIgniter\CodeIgniter->handleRequest(NULL, Object(Config\Cache), false)
#8 C:\xampp2\htdocs\xam\Examen_TPW2\public\index.php(37): CodeIgniter\CodeIgniter->run()
#9 {main}
ERROR - 2022-03-31 02:07:23 --> Unknown column 'usuarios.id' in 'where clause'
CRITICAL - 2022-03-31 02:07:23 --> Unknown column 'usuarios.id' in 'where clause'
#0 C:\xampp2\htdocs\xam\Examen_TPW2\system\Database\MySQLi\Connection.php(292): mysqli->query('SELECT *\nFROM `...', 0)
#1 C:\xampp2\htdocs\xam\Examen_TPW2\system\Database\BaseConnection.php(670): CodeIgniter\Database\MySQLi\Connection->execute('SELECT *\nFROM `...')
#2 C:\xampp2\htdocs\xam\Examen_TPW2\system\Database\BaseConnection.php(598): CodeIgniter\Database\BaseConnection->simpleQuery('SELECT *\nFROM `...')
#3 C:\xampp2\htdocs\xam\Examen_TPW2\system\Database\BaseBuilder.php(1455): CodeIgniter\Database\BaseConnection->query('SELECT *\nFROM `...', Array, false)
#4 C:\xampp2\htdocs\xam\Examen_TPW2\system\Model.php(142): CodeIgniter\Database\BaseBuilder->get()
#5 C:\xampp2\htdocs\xam\Examen_TPW2\system\BaseModel.php(523): CodeIgniter\Model->doFind(true, '3')
#6 C:\xampp2\htdocs\xam\Examen_TPW2\app\Controllers\Home.php(63): CodeIgniter\BaseModel->find('3')
#7 C:\xampp2\htdocs\xam\Examen_TPW2\system\CodeIgniter.php(825): App\Controllers\Home->buscarRegistro()
#8 C:\xampp2\htdocs\xam\Examen_TPW2\system\CodeIgniter.php(412): CodeIgniter\CodeIgniter->runController(Object(App\Controllers\Home))
#9 C:\xampp2\htdocs\xam\Examen_TPW2\system\CodeIgniter.php(320): CodeIgniter\CodeIgniter->handleRequest(NULL, Object(Config\Cache), false)
#10 C:\xampp2\htdocs\xam\Examen_TPW2\public\index.php(37): CodeIgniter\CodeIgniter->run()
#11 {main}
CRITICAL - 2022-03-31 02:11:56 --> Undefined variable: opciones_combo_categorias
#0 C:\xampp2\htdocs\xam\Examen_TPW2\app\Views\vRegistroEncontrado_gasto.php(25): CodeIgniter\Debug\Exceptions->errorHandler(8, 'Undefined varia...', 'C:\\xampp2\\htdoc...', 25, Array)
#1 C:\xampp2\htdocs\xam\Examen_TPW2\system\View\View.php(210): include('C:\\xampp2\\htdoc...')
#2 C:\xampp2\htdocs\xam\Examen_TPW2\system\View\View.php(213): CodeIgniter\View\View->CodeIgniter\View\{closure}()
#3 C:\xampp2\htdocs\xam\Examen_TPW2\system\Common.php(1089): CodeIgniter\View\View->render('vRegistroEncont...', Array, true)
#4 C:\xampp2\htdocs\xam\Examen_TPW2\app\Controllers\Home.php(128): view('vRegistroEncont...', Array)
#5 C:\xampp2\htdocs\xam\Examen_TPW2\system\CodeIgniter.php(825): App\Controllers\Home->buscarRegistro_gasto()
#6 C:\xampp2\htdocs\xam\Examen_TPW2\system\CodeIgniter.php(412): CodeIgniter\CodeIgniter->runController(Object(App\Controllers\Home))
#7 C:\xampp2\htdocs\xam\Examen_TPW2\system\CodeIgniter.php(320): CodeIgniter\CodeIgniter->handleRequest(NULL, Object(Config\Cache), false)
#8 C:\xampp2\htdocs\xam\Examen_TPW2\public\index.php(37): CodeIgniter\CodeIgniter->run()
#9 {main}
