CRITICAL - 2022-02-17 16:58:12 --> Invalid file: vbienvenida.php
#0 C:\xampp2\htdocs\code\system\View\View.php(198): CodeIgniter\Exceptions\FrameworkException::forInvalidFile('vbienvenida.php')
#1 C:\xampp2\htdocs\code\system\Common.php(1089): CodeIgniter\View\View->render('vbienvenida', Array, true)
#2 C:\xampp2\htdocs\code\app\Controllers\Home.php(13): view('vbienvenida')
#3 C:\xampp2\htdocs\code\system\CodeIgniter.php(825): App\Controllers\Home->bienvenida()
#4 C:\xampp2\htdocs\code\system\CodeIgniter.php(412): CodeIgniter\CodeIgniter->runController(Object(App\Controllers\Home))
#5 C:\xampp2\htdocs\code\system\CodeIgniter.php(320): CodeIgniter\CodeIgniter->handleRequest(NULL, Object(Config\Cache), false)
#6 C:\xampp2\htdocs\code\public\index.php(37): CodeIgniter\CodeIgniter->run()
#7 {main}
CRITICAL - 2022-02-17 17:07:07 --> Invalid file: vbienvenida.php
#0 C:\xampp2\htdocs\code\system\View\View.php(198): CodeIgniter\Exceptions\FrameworkException::forInvalidFile('vbienvenida.php')
#1 C:\xampp2\htdocs\code\system\Common.php(1089): CodeIgniter\View\View->render('vbienvenida', Array, true)
#2 C:\xampp2\htdocs\code\app\Controllers\Home.php(13): view('vbienvenida')
#3 C:\xampp2\htdocs\code\system\CodeIgniter.php(825): App\Controllers\Home->bienvenida()
#4 C:\xampp2\htdocs\code\system\CodeIgniter.php(412): CodeIgniter\CodeIgniter->runController(Object(App\Controllers\Home))
#5 C:\xampp2\htdocs\code\system\CodeIgniter.php(320): CodeIgniter\CodeIgniter->handleRequest(NULL, Object(Config\Cache), false)
#6 C:\xampp2\htdocs\code\public\index.php(37): CodeIgniter\CodeIgniter->run()
#7 {main}
CRITICAL - 2022-02-17 17:08:59 --> Invalid file: vRegistro.php
#0 C:\xampp2\htdocs\code\system\View\View.php(198): CodeIgniter\Exceptions\FrameworkException::forInvalidFile('vRegistro.php')
#1 C:\xampp2\htdocs\code\system\Common.php(1089): CodeIgniter\View\View->render('vRegistro', Array, true)
#2 C:\xampp2\htdocs\code\app\Controllers\Home.php(16): view('vRegistro')
#3 C:\xampp2\htdocs\code\system\CodeIgniter.php(825): App\Controllers\Home->registro()
#4 C:\xampp2\htdocs\code\system\CodeIgniter.php(412): CodeIgniter\CodeIgniter->runController(Object(App\Controllers\Home))
#5 C:\xampp2\htdocs\code\system\CodeIgniter.php(320): CodeIgniter\CodeIgniter->handleRequest(NULL, Object(Config\Cache), false)
#6 C:\xampp2\htdocs\code\public\index.php(37): CodeIgniter\CodeIgniter->run()
#7 {main}
CRITICAL - 2022-02-17 17:10:32 --> Invalid file: vRegistro.php
#0 C:\xampp2\htdocs\code\system\View\View.php(198): CodeIgniter\Exceptions\FrameworkException::forInvalidFile('vRegistro.php')
#1 C:\xampp2\htdocs\code\system\Common.php(1089): CodeIgniter\View\View->render('vRegistro', Array, true)
#2 C:\xampp2\htdocs\code\app\Controllers\Home.php(16): view('vRegistro')
#3 C:\xampp2\htdocs\code\system\CodeIgniter.php(825): App\Controllers\Home->registro()
#4 C:\xampp2\htdocs\code\system\CodeIgniter.php(412): CodeIgniter\CodeIgniter->runController(Object(App\Controllers\Home))
#5 C:\xampp2\htdocs\code\system\CodeIgniter.php(320): CodeIgniter\CodeIgniter->handleRequest(NULL, Object(Config\Cache), false)
#6 C:\xampp2\htdocs\code\public\index.php(37): CodeIgniter\CodeIgniter->run()
#7 {main}
CRITICAL - 2022-02-17 17:14:09 --> Invalid file: vRegistro.php
#0 C:\xampp2\htdocs\code\system\View\View.php(198): CodeIgniter\Exceptions\FrameworkException::forInvalidFile('vRegistro.php')
#1 C:\xampp2\htdocs\code\system\Common.php(1089): CodeIgniter\View\View->render('vRegistro', Array, true)
#2 C:\xampp2\htdocs\code\app\Controllers\Home.php(16): view('vRegistro')
#3 C:\xampp2\htdocs\code\system\CodeIgniter.php(825): App\Controllers\Home->registro()
#4 C:\xampp2\htdocs\code\system\CodeIgniter.php(412): CodeIgniter\CodeIgniter->runController(Object(App\Controllers\Home))
#5 C:\xampp2\htdocs\code\system\CodeIgniter.php(320): CodeIgniter\CodeIgniter->handleRequest(NULL, Object(Config\Cache), false)
#6 C:\xampp2\htdocs\code\public\index.php(37): CodeIgniter\CodeIgniter->run()
#7 {main}
CRITICAL - 2022-02-17 17:19:13 --> Invalid file: vbienvenida.php
#0 C:\xampp2\htdocs\code\system\View\View.php(198): CodeIgniter\Exceptions\FrameworkException::forInvalidFile('vbienvenida.php')
#1 C:\xampp2\htdocs\code\system\Common.php(1089): CodeIgniter\View\View->render('vbienvenida', Array, true)
#2 C:\xampp2\htdocs\code\app\Controllers\Home.php(13): view('vbienvenida')
#3 C:\xampp2\htdocs\code\system\CodeIgniter.php(825): App\Controllers\Home->bienvenida()
#4 C:\xampp2\htdocs\code\system\CodeIgniter.php(412): CodeIgniter\CodeIgniter->runController(Object(App\Controllers\Home))
#5 C:\xampp2\htdocs\code\system\CodeIgniter.php(320): CodeIgniter\CodeIgniter->handleRequest(NULL, Object(Config\Cache), false)
#6 C:\xampp2\htdocs\code\public\index.php(37): CodeIgniter\CodeIgniter->run()
#7 {main}
CRITICAL - 2022-02-17 17:21:43 --> Invalid file: vRegistro.php
#0 C:\xampp2\htdocs\code\system\View\View.php(198): CodeIgniter\Exceptions\FrameworkException::forInvalidFile('vRegistro.php')
#1 C:\xampp2\htdocs\code\system\Common.php(1089): CodeIgniter\View\View->render('vRegistro', Array, true)
#2 C:\xampp2\htdocs\code\app\Controllers\Home.php(16): view('vRegistro')
#3 C:\xampp2\htdocs\code\system\CodeIgniter.php(825): App\Controllers\Home->registro()
#4 C:\xampp2\htdocs\code\system\CodeIgniter.php(412): CodeIgniter\CodeIgniter->runController(Object(App\Controllers\Home))
#5 C:\xampp2\htdocs\code\system\CodeIgniter.php(320): CodeIgniter\CodeIgniter->handleRequest(NULL, Object(Config\Cache), false)
#6 C:\xampp2\htdocs\code\public\index.php(37): CodeIgniter\CodeIgniter->run()
#7 {main}
CRITICAL - 2022-02-17 17:23:49 --> Invalid file: vRegistro.php
#0 C:\xampp2\htdocs\code\system\View\View.php(198): CodeIgniter\Exceptions\FrameworkException::forInvalidFile('vRegistro.php')
#1 C:\xampp2\htdocs\code\system\Common.php(1089): CodeIgniter\View\View->render('vRegistro', Array, true)
#2 C:\xampp2\htdocs\code\app\Controllers\Home.php(16): view('vRegistro')
#3 C:\xampp2\htdocs\code\system\CodeIgniter.php(825): App\Controllers\Home->registro()
#4 C:\xampp2\htdocs\code\system\CodeIgniter.php(412): CodeIgniter\CodeIgniter->runController(Object(App\Controllers\Home))
#5 C:\xampp2\htdocs\code\system\CodeIgniter.php(320): CodeIgniter\CodeIgniter->handleRequest(NULL, Object(Config\Cache), false)
#6 C:\xampp2\htdocs\code\public\index.php(37): CodeIgniter\CodeIgniter->run()
#7 {main}
CRITICAL - 2022-02-17 17:24:09 --> Invalid file: vRegistro.php
#0 C:\xampp2\htdocs\code\system\View\View.php(198): CodeIgniter\Exceptions\FrameworkException::forInvalidFile('vRegistro.php')
#1 C:\xampp2\htdocs\code\system\Common.php(1089): CodeIgniter\View\View->render('vRegistro', Array, true)
#2 C:\xampp2\htdocs\code\app\Controllers\Home.php(16): view('vRegistro')
#3 C:\xampp2\htdocs\code\system\CodeIgniter.php(825): App\Controllers\Home->registro()
#4 C:\xampp2\htdocs\code\system\CodeIgniter.php(412): CodeIgniter\CodeIgniter->runController(Object(App\Controllers\Home))
#5 C:\xampp2\htdocs\code\system\CodeIgniter.php(320): CodeIgniter\CodeIgniter->handleRequest(NULL, Object(Config\Cache), false)
#6 C:\xampp2\htdocs\code\public\index.php(37): CodeIgniter\CodeIgniter->run()
#7 {main}
CRITICAL - 2022-02-17 17:31:46 --> Invalid file: vRegistro.php
#0 C:\xampp2\htdocs\code\system\View\View.php(198): CodeIgniter\Exceptions\FrameworkException::forInvalidFile('vRegistro.php')
#1 C:\xampp2\htdocs\code\system\Common.php(1089): CodeIgniter\View\View->render('vRegistro', Array, true)
#2 C:\xampp2\htdocs\code\app\Controllers\Home.php(16): view('vRegistro')
#3 C:\xampp2\htdocs\code\system\CodeIgniter.php(825): App\Controllers\Home->registro()
#4 C:\xampp2\htdocs\code\system\CodeIgniter.php(412): CodeIgniter\CodeIgniter->runController(Object(App\Controllers\Home))
#5 C:\xampp2\htdocs\code\system\CodeIgniter.php(320): CodeIgniter\CodeIgniter->handleRequest(NULL, Object(Config\Cache), false)
#6 C:\xampp2\htdocs\code\public\index.php(37): CodeIgniter\CodeIgniter->run()
#7 {main}
CRITICAL - 2022-02-17 18:44:24 --> Class 'App\Controllers\mUsuarios' not found
#0 C:\xampp2\htdocs\code\system\CodeIgniter.php(825): App\Controllers\Home->insertarForm()
#1 C:\xampp2\htdocs\code\system\CodeIgniter.php(412): CodeIgniter\CodeIgniter->runController(Object(App\Controllers\Home))
#2 C:\xampp2\htdocs\code\system\CodeIgniter.php(320): CodeIgniter\CodeIgniter->handleRequest(NULL, Object(Config\Cache), false)
#3 C:\xampp2\htdocs\code\public\index.php(37): CodeIgniter\CodeIgniter->run()
#4 {main}
CRITICAL - 2022-02-17 18:45:39 --> Class 'App\Controllers\mUsuarios' not found
#0 C:\xampp2\htdocs\code\system\CodeIgniter.php(825): App\Controllers\Home->insertarForm()
#1 C:\xampp2\htdocs\code\system\CodeIgniter.php(412): CodeIgniter\CodeIgniter->runController(Object(App\Controllers\Home))
#2 C:\xampp2\htdocs\code\system\CodeIgniter.php(320): CodeIgniter\CodeIgniter->handleRequest(NULL, Object(Config\Cache), false)
#3 C:\xampp2\htdocs\code\public\index.php(37): CodeIgniter\CodeIgniter->run()
#4 {main}
CRITICAL - 2022-02-17 18:47:32 --> Class 'App\Controllers\mUsuarios' not found
#0 C:\xampp2\htdocs\code\system\CodeIgniter.php(825): App\Controllers\Home->insertarForm()
#1 C:\xampp2\htdocs\code\system\CodeIgniter.php(412): CodeIgniter\CodeIgniter->runController(Object(App\Controllers\Home))
#2 C:\xampp2\htdocs\code\system\CodeIgniter.php(320): CodeIgniter\CodeIgniter->handleRequest(NULL, Object(Config\Cache), false)
#3 C:\xampp2\htdocs\code\public\index.php(37): CodeIgniter\CodeIgniter->run()
#4 {main}
CRITICAL - 2022-02-17 18:47:40 --> Class 'App\Controllers\mUsuarios' not found
#0 C:\xampp2\htdocs\code\system\CodeIgniter.php(825): App\Controllers\Home->insertarForm()
#1 C:\xampp2\htdocs\code\system\CodeIgniter.php(412): CodeIgniter\CodeIgniter->runController(Object(App\Controllers\Home))
#2 C:\xampp2\htdocs\code\system\CodeIgniter.php(320): CodeIgniter\CodeIgniter->handleRequest(NULL, Object(Config\Cache), false)
#3 C:\xampp2\htdocs\code\public\index.php(37): CodeIgniter\CodeIgniter->run()
#4 {main}
CRITICAL - 2022-02-17 18:48:33 --> Class 'App\Controllers\mUsuarios' not found
#0 C:\xampp2\htdocs\code\system\CodeIgniter.php(825): App\Controllers\Home->insertarForm()
#1 C:\xampp2\htdocs\code\system\CodeIgniter.php(412): CodeIgniter\CodeIgniter->runController(Object(App\Controllers\Home))
#2 C:\xampp2\htdocs\code\system\CodeIgniter.php(320): CodeIgniter\CodeIgniter->handleRequest(NULL, Object(Config\Cache), false)
#3 C:\xampp2\htdocs\code\public\index.php(37): CodeIgniter\CodeIgniter->run()
#4 {main}
CRITICAL - 2022-02-17 19:04:18 --> Class 'App\Controllers\mUser' not found
#0 C:\xampp2\htdocs\code\system\CodeIgniter.php(825): App\Controllers\Home->insertarForm()
#1 C:\xampp2\htdocs\code\system\CodeIgniter.php(412): CodeIgniter\CodeIgniter->runController(Object(App\Controllers\Home))
#2 C:\xampp2\htdocs\code\system\CodeIgniter.php(320): CodeIgniter\CodeIgniter->handleRequest(NULL, Object(Config\Cache), false)
#3 C:\xampp2\htdocs\code\public\index.php(37): CodeIgniter\CodeIgniter->run()
#4 {main}
CRITICAL - 2022-02-17 19:09:28 --> Undefined variable: _Post
#0 C:\xampp2\htdocs\code\app\Controllers\Home.php(22): CodeIgniter\Debug\Exceptions->errorHandler(8, 'Undefined varia...', 'C:\\xampp2\\htdoc...', 22, Array)
#1 C:\xampp2\htdocs\code\system\CodeIgniter.php(825): App\Controllers\Home->insertarForm()
#2 C:\xampp2\htdocs\code\system\CodeIgniter.php(412): CodeIgniter\CodeIgniter->runController(Object(App\Controllers\Home))
#3 C:\xampp2\htdocs\code\system\CodeIgniter.php(320): CodeIgniter\CodeIgniter->handleRequest(NULL, Object(Config\Cache), false)
#4 C:\xampp2\htdocs\code\public\index.php(37): CodeIgniter\CodeIgniter->run()
#5 {main}
CRITICAL - 2022-02-17 20:11:30 --> Undefined variable: _Post
#0 C:\xampp2\htdocs\code\app\Controllers\Home.php(22): CodeIgniter\Debug\Exceptions->errorHandler(8, 'Undefined varia...', 'C:\\xampp2\\htdoc...', 22, Array)
#1 C:\xampp2\htdocs\code\system\CodeIgniter.php(825): App\Controllers\Home->insertarForm()
#2 C:\xampp2\htdocs\code\system\CodeIgniter.php(412): CodeIgniter\CodeIgniter->runController(Object(App\Controllers\Home))
#3 C:\xampp2\htdocs\code\system\CodeIgniter.php(320): CodeIgniter\CodeIgniter->handleRequest(NULL, Object(Config\Cache), false)
#4 C:\xampp2\htdocs\code\public\index.php(37): CodeIgniter\CodeIgniter->run()
#5 {main}
CRITICAL - 2022-02-17 20:11:53 --> Undefined variable: _Post
#0 C:\xampp2\htdocs\code\app\Controllers\Home.php(22): CodeIgniter\Debug\Exceptions->errorHandler(8, 'Undefined varia...', 'C:\\xampp2\\htdoc...', 22, Array)
#1 C:\xampp2\htdocs\code\system\CodeIgniter.php(825): App\Controllers\Home->insertarForm()
#2 C:\xampp2\htdocs\code\system\CodeIgniter.php(412): CodeIgniter\CodeIgniter->runController(Object(App\Controllers\Home))
#3 C:\xampp2\htdocs\code\system\CodeIgniter.php(320): CodeIgniter\CodeIgniter->handleRequest(NULL, Object(Config\Cache), false)
#4 C:\xampp2\htdocs\code\public\index.php(37): CodeIgniter\CodeIgniter->run()
#5 {main}
ERROR - 2022-02-17 20:41:37 --> Unknown column 'nombre' in 'field list'
CRITICAL - 2022-02-17 20:41:37 --> Unknown column 'nombre' in 'field list'
#0 C:\xampp2\htdocs\code\system\Database\MySQLi\Connection.php(292): mysqli->query('INSERT INTO `us...', 0)
#1 C:\xampp2\htdocs\code\system\Database\BaseConnection.php(670): CodeIgniter\Database\MySQLi\Connection->execute('INSERT INTO `us...')
#2 C:\xampp2\htdocs\code\system\Database\BaseConnection.php(598): CodeIgniter\Database\BaseConnection->simpleQuery('INSERT INTO `us...')
#3 C:\xampp2\htdocs\code\system\Database\BaseBuilder.php(1771): CodeIgniter\Database\BaseConnection->query('INSERT INTO `us...', Array, false)
#4 C:\xampp2\htdocs\code\system\Model.php(239): CodeIgniter\Database\BaseBuilder->insert()
#5 C:\xampp2\htdocs\code\system\BaseModel.php(738): CodeIgniter\Model->doInsert(Array)
#6 C:\xampp2\htdocs\code\system\Model.php(625): CodeIgniter\BaseModel->insert(Array, true)
#7 C:\xampp2\htdocs\code\app\Controllers\Home.php(33): CodeIgniter\Model->insert(Array)
#8 C:\xampp2\htdocs\code\system\CodeIgniter.php(825): App\Controllers\Home->insertarForm()
#9 C:\xampp2\htdocs\code\system\CodeIgniter.php(412): CodeIgniter\CodeIgniter->runController(Object(App\Controllers\Home))
#10 C:\xampp2\htdocs\code\system\CodeIgniter.php(320): CodeIgniter\CodeIgniter->handleRequest(NULL, Object(Config\Cache), false)
#11 C:\xampp2\htdocs\code\public\index.php(37): CodeIgniter\CodeIgniter->run()
#12 {main}
ERROR - 2022-02-17 20:46:17 --> Unknown column 'nombre' in 'field list'
CRITICAL - 2022-02-17 20:46:17 --> Unknown column 'nombre' in 'field list'
#0 C:\xampp2\htdocs\code\system\Database\MySQLi\Connection.php(292): mysqli->query('INSERT INTO `us...', 0)
#1 C:\xampp2\htdocs\code\system\Database\BaseConnection.php(670): CodeIgniter\Database\MySQLi\Connection->execute('INSERT INTO `us...')
#2 C:\xampp2\htdocs\code\system\Database\BaseConnection.php(598): CodeIgniter\Database\BaseConnection->simpleQuery('INSERT INTO `us...')
#3 C:\xampp2\htdocs\code\system\Database\BaseBuilder.php(1771): CodeIgniter\Database\BaseConnection->query('INSERT INTO `us...', Array, false)
#4 C:\xampp2\htdocs\code\system\Model.php(239): CodeIgniter\Database\BaseBuilder->insert()
#5 C:\xampp2\htdocs\code\system\BaseModel.php(738): CodeIgniter\Model->doInsert(Array)
#6 C:\xampp2\htdocs\code\system\Model.php(625): CodeIgniter\BaseModel->insert(Array, true)
#7 C:\xampp2\htdocs\code\app\Controllers\Home.php(33): CodeIgniter\Model->insert(Array)
#8 C:\xampp2\htdocs\code\system\CodeIgniter.php(825): App\Controllers\Home->insertarForm()
#9 C:\xampp2\htdocs\code\system\CodeIgniter.php(412): CodeIgniter\CodeIgniter->runController(Object(App\Controllers\Home))
#10 C:\xampp2\htdocs\code\system\CodeIgniter.php(320): CodeIgniter\CodeIgniter->handleRequest(NULL, Object(Config\Cache), false)
#11 C:\xampp2\htdocs\code\public\index.php(37): CodeIgniter\CodeIgniter->run()
#12 {main}
ERROR - 2022-02-17 20:46:33 --> Unknown column 'nombre' in 'field list'
CRITICAL - 2022-02-17 20:46:33 --> Unknown column 'nombre' in 'field list'
#0 C:\xampp2\htdocs\code\system\Database\MySQLi\Connection.php(292): mysqli->query('INSERT INTO `us...', 0)
#1 C:\xampp2\htdocs\code\system\Database\BaseConnection.php(670): CodeIgniter\Database\MySQLi\Connection->execute('INSERT INTO `us...')
#2 C:\xampp2\htdocs\code\system\Database\BaseConnection.php(598): CodeIgniter\Database\BaseConnection->simpleQuery('INSERT INTO `us...')
#3 C:\xampp2\htdocs\code\system\Database\BaseBuilder.php(1771): CodeIgniter\Database\BaseConnection->query('INSERT INTO `us...', Array, false)
#4 C:\xampp2\htdocs\code\system\Model.php(239): CodeIgniter\Database\BaseBuilder->insert()
#5 C:\xampp2\htdocs\code\system\BaseModel.php(738): CodeIgniter\Model->doInsert(Array)
#6 C:\xampp2\htdocs\code\system\Model.php(625): CodeIgniter\BaseModel->insert(Array, true)
#7 C:\xampp2\htdocs\code\app\Controllers\Home.php(33): CodeIgniter\Model->insert(Array)
#8 C:\xampp2\htdocs\code\system\CodeIgniter.php(825): App\Controllers\Home->insertarForm()
#9 C:\xampp2\htdocs\code\system\CodeIgniter.php(412): CodeIgniter\CodeIgniter->runController(Object(App\Controllers\Home))
#10 C:\xampp2\htdocs\code\system\CodeIgniter.php(320): CodeIgniter\CodeIgniter->handleRequest(NULL, Object(Config\Cache), false)
#11 C:\xampp2\htdocs\code\public\index.php(37): CodeIgniter\CodeIgniter->run()
#12 {main}
ERROR - 2022-02-17 20:47:44 --> Unknown column 'nombre' in 'field list'
CRITICAL - 2022-02-17 20:47:44 --> Unknown column 'nombre' in 'field list'
#0 C:\xampp2\htdocs\code\system\Database\MySQLi\Connection.php(292): mysqli->query('INSERT INTO `us...', 0)
#1 C:\xampp2\htdocs\code\system\Database\BaseConnection.php(670): CodeIgniter\Database\MySQLi\Connection->execute('INSERT INTO `us...')
#2 C:\xampp2\htdocs\code\system\Database\BaseConnection.php(598): CodeIgniter\Database\BaseConnection->simpleQuery('INSERT INTO `us...')
#3 C:\xampp2\htdocs\code\system\Database\BaseBuilder.php(1771): CodeIgniter\Database\BaseConnection->query('INSERT INTO `us...', Array, false)
#4 C:\xampp2\htdocs\code\system\Model.php(239): CodeIgniter\Database\BaseBuilder->insert()
#5 C:\xampp2\htdocs\code\system\BaseModel.php(738): CodeIgniter\Model->doInsert(Array)
#6 C:\xampp2\htdocs\code\system\Model.php(625): CodeIgniter\BaseModel->insert(Array, true)
#7 C:\xampp2\htdocs\code\app\Controllers\Home.php(33): CodeIgniter\Model->insert(Array)
#8 C:\xampp2\htdocs\code\system\CodeIgniter.php(825): App\Controllers\Home->insertarForm()
#9 C:\xampp2\htdocs\code\system\CodeIgniter.php(412): CodeIgniter\CodeIgniter->runController(Object(App\Controllers\Home))
#10 C:\xampp2\htdocs\code\system\CodeIgniter.php(320): CodeIgniter\CodeIgniter->handleRequest(NULL, Object(Config\Cache), false)
#11 C:\xampp2\htdocs\code\public\index.php(37): CodeIgniter\CodeIgniter->run()
#12 {main}
ERROR - 2022-02-17 20:49:31 --> Unknown column 'nombre' in 'field list'
CRITICAL - 2022-02-17 20:49:31 --> Unknown column 'nombre' in 'field list'
#0 C:\xampp2\htdocs\code\system\Database\MySQLi\Connection.php(292): mysqli->query('INSERT INTO `us...', 0)
#1 C:\xampp2\htdocs\code\system\Database\BaseConnection.php(670): CodeIgniter\Database\MySQLi\Connection->execute('INSERT INTO `us...')
#2 C:\xampp2\htdocs\code\system\Database\BaseConnection.php(598): CodeIgniter\Database\BaseConnection->simpleQuery('INSERT INTO `us...')
#3 C:\xampp2\htdocs\code\system\Database\BaseBuilder.php(1771): CodeIgniter\Database\BaseConnection->query('INSERT INTO `us...', Array, false)
#4 C:\xampp2\htdocs\code\system\Model.php(239): CodeIgniter\Database\BaseBuilder->insert()
#5 C:\xampp2\htdocs\code\system\BaseModel.php(738): CodeIgniter\Model->doInsert(Array)
#6 C:\xampp2\htdocs\code\system\Model.php(625): CodeIgniter\BaseModel->insert(Array, true)
#7 C:\xampp2\htdocs\code\app\Controllers\Home.php(33): CodeIgniter\Model->insert(Array)
#8 C:\xampp2\htdocs\code\system\CodeIgniter.php(825): App\Controllers\Home->insertarForm()
#9 C:\xampp2\htdocs\code\system\CodeIgniter.php(412): CodeIgniter\CodeIgniter->runController(Object(App\Controllers\Home))
#10 C:\xampp2\htdocs\code\system\CodeIgniter.php(320): CodeIgniter\CodeIgniter->handleRequest(NULL, Object(Config\Cache), false)
#11 C:\xampp2\htdocs\code\public\index.php(37): CodeIgniter\CodeIgniter->run()
#12 {main}
